<?xml version="1.0" encoding="UTF-8"?>
<!-- Generated by org.testng.reporters.JUnitReportReporter -->
<testsuite hostname="Sameera" failures="0" tests="1" name="SutiHR.SutiHRApplyTimeOff" time="55.542" errors="0" timestamp="2023-10-24T10:19:24 IST" skipped="0">
  <testcase classname="SutiHR.SutiHRApplyTimeOff" name="applyTimeOffTest" time="55.542"/>
</testsuite> <!-- SutiHR.SutiHRApplyTimeOff -->
