<?xml version="1.0" encoding="UTF-8"?>
<!-- Generated by org.testng.reporters.JUnitReportReporter -->
<testsuite hostname="Sameera" failures="0" tests="1" name="SutiHR.SutiHRApplyTimeOff" time="37.154" errors="0" timestamp="2023-11-25T14:22:31 IST" skipped="0">
  <testcase classname="SutiHR.SutiHRApplyTimeOff" name="applyTimeOffTest" time="37.154"/>
</testsuite> <!-- SutiHR.SutiHRApplyTimeOff -->
