<?xml version="1.0" encoding="UTF-8"?>
<!-- Generated by org.testng.reporters.JUnitReportReporter -->
<testsuite hostname="Sameera" failures="0" tests="1" name="org.Jaya.AppiumFrameWork.eCommerce_tc_2" time="19.084" errors="0" timestamp="2024-05-13T10:52:15 IST" skipped="0">
  <testcase classname="org.Jaya.AppiumFrameWork.eCommerce_tc_2" name="fillformError" time="19.084"/>
</testsuite> <!-- org.Jaya.AppiumFrameWork.eCommerce_tc_2 -->
