<?xml version="1.0" encoding="UTF-8"?>
<!-- Generated by org.testng.reporters.JUnitReportReporter -->
<testsuite hostname="Sameera" failures="0" tests="1" name="org.Jaya.AppiumFrameWork.eCommerce_tc_2" time="14.099" errors="0" timestamp="2023-10-24T12:08:09 IST" skipped="0">
  <testcase classname="org.Jaya.AppiumFrameWork.eCommerce_tc_2" name="fillformError" time="14.099"/>
</testsuite> <!-- org.Jaya.AppiumFrameWork.eCommerce_tc_2 -->
