<?xml version="1.0" encoding="UTF-8"?>
<!-- Generated by org.testng.reporters.JUnitReportReporter -->
<testsuite hostname="Sameera" failures="0" tests="1" name="SutiHR.SutiHrLogin" time="24.609" errors="0" timestamp="2023-10-08T17:47:59 IST" skipped="0">
  <testcase classname="SutiHR.SutiHrLogin" name="login" time="24.609"/>
</testsuite> <!-- SutiHR.SutiHrLogin -->
