<?xml version="1.0" encoding="UTF-8"?>
<!-- Generated by org.testng.reporters.JUnitReportReporter -->
<testsuite hostname="Sameera" failures="0" tests="1" name="org.Jaya.AppiumFrameWork.eCommerce_tc_2" time="16.651" errors="0" timestamp="2023-08-10T20:37:43 IST" skipped="0">
  <testcase classname="org.Jaya.AppiumFrameWork.eCommerce_tc_2" name="fillformError" time="16.651"/>
</testsuite> <!-- org.Jaya.AppiumFrameWork.eCommerce_tc_2 -->
