<?xml version="1.0" encoding="UTF-8"?>
<!-- Generated by org.testng.reporters.JUnitReportReporter -->
<testsuite hostname="Sameera" failures="0" tests="1" name="org.Jaya.AppiumFrameWork.eCommerce_tc_4" time="27.693" errors="0" timestamp="2023-10-08T18:27:39 IST" skipped="0">
  <testcase classname="org.Jaya.AppiumFrameWork.eCommerce_tc_4" name="fillform" time="27.693"/>
</testsuite> <!-- org.Jaya.AppiumFrameWork.eCommerce_tc_4 -->
