<?xml version="1.0" encoding="UTF-8"?>
<!-- Generated by org.testng.reporters.JUnitReportReporter -->
<testsuite hostname="Sameera" failures="0" tests="1" name="SutiHR.ClockInOut" time="46.585" errors="0" timestamp="2023-11-30T16:58:33 IST" skipped="0">
  <testcase classname="SutiHR.ClockInOut" name="applyTimeOffTest" time="46.585"/>
</testsuite> <!-- SutiHR.ClockInOut -->
